<?xml version="1.0" encoding="UTF-8"?>
<!-- Generated by org.testng.reporters.JUnitXMLReporter -->
<testsuite ignored="0" hostname="DESKTOP-I9E8UQV" failures="0" tests="4" name="Test" time="55.901" errors="0" timestamp="2022-10-20T18:09:53 IST">
  <testcase classname="TestClass.TestClass1" name="test1" time="11.543"/>
  <testcase classname="TestClass.TestClass1" name="Verifyusercanclickonfund" time="11.15"/>
  <testcase classname="TestClass.TestClass1" name="Verifyuseronfundpage" time="0.212"/>
  <testcase classname="TestClass.TestClass1" name="Useraddpayment" time="2.565"/>
</testsuite> <!-- Test -->
