<?xml version="1.0" encoding="UTF-8"?>
<testng-results ignored="0" total="4" passed="4" failed="0" skipped="0">
  <reporter-output>
  </reporter-output>
  <suite started-at="2022-10-20T18:08:57 IST" name="Suite" finished-at="2022-10-20T18:09:53 IST" duration-ms="55901">
    <groups>
    </groups>
    <test started-at="2022-10-20T18:08:57 IST" name="Test" finished-at="2022-10-20T18:09:53 IST" duration-ms="55901">
      <class name="TestClass.TestClass1">
        <test-method is-config="true" signature="beforeclass()[pri:0, instance:TestClass.TestClass1@7188af83]" started-at="2022-10-20T18:08:57 IST" name="beforeclass" finished-at="2022-10-20T18:09:23 IST" duration-ms="25738" status="PASS">
          <reporter-output>
          </reporter-output>
        </test-method> <!-- beforeclass -->
        <test-method is-config="true" signature="beforemethod()[pri:0, instance:TestClass.TestClass1@7188af83]" started-at="2022-10-20T18:09:23 IST" name="beforemethod" finished-at="2022-10-20T18:09:24 IST" duration-ms="345" status="PASS">
          <reporter-output>
          </reporter-output>
        </test-method> <!-- beforemethod -->
        <test-method signature="test1()[pri:1, instance:TestClass.TestClass1@7188af83]" started-at="2022-10-20T18:09:24 IST" name="test1" finished-at="2022-10-20T18:09:35 IST" duration-ms="11543" status="PASS">
          <reporter-output>
          </reporter-output>
        </test-method> <!-- test1 -->
        <test-method is-config="true" signature="Aftermethod(org.testng.ITestResult)[pri:0, instance:TestClass.TestClass1@7188af83]" started-at="2022-10-20T18:09:35 IST" name="Aftermethod" finished-at="2022-10-20T18:09:35 IST" duration-ms="193" status="PASS">
          <params>
            <param index="0">
              <value>
                <![CDATA[[TestResult name=test1 status=SUCCESS method=TestClass1.test1()[pri:1, instance:TestClass.TestClass1@7188af83] output={null}]]]>
              </value>
            </param>
          </params>
          <reporter-output>
          </reporter-output>
        </test-method> <!-- Aftermethod -->
        <test-method is-config="true" signature="beforemethod()[pri:0, instance:TestClass.TestClass1@7188af83]" started-at="2022-10-20T18:09:35 IST" name="beforemethod" finished-at="2022-10-20T18:09:35 IST" duration-ms="6" status="PASS">
          <reporter-output>
          </reporter-output>
        </test-method> <!-- beforemethod -->
        <test-method signature="Verifyusercanclickonfund()[pri:2, instance:TestClass.TestClass1@7188af83]" started-at="2022-10-20T18:09:35 IST" name="Verifyusercanclickonfund" finished-at="2022-10-20T18:09:46 IST" duration-ms="11150" status="PASS">
          <reporter-output>
          </reporter-output>
        </test-method> <!-- Verifyusercanclickonfund -->
        <test-method is-config="true" signature="Aftermethod(org.testng.ITestResult)[pri:0, instance:TestClass.TestClass1@7188af83]" started-at="2022-10-20T18:09:46 IST" name="Aftermethod" finished-at="2022-10-20T18:09:46 IST" duration-ms="2" status="PASS">
          <params>
            <param index="0">
              <value>
                <![CDATA[[TestResult name=Verifyusercanclickonfund status=SUCCESS method=TestClass1.Verifyusercanclickonfund()[pri:2, instance:TestClass.TestClass1@7188af83] output={null}]]]>
              </value>
            </param>
          </params>
          <reporter-output>
          </reporter-output>
        </test-method> <!-- Aftermethod -->
        <test-method is-config="true" signature="beforemethod()[pri:0, instance:TestClass.TestClass1@7188af83]" started-at="2022-10-20T18:09:46 IST" name="beforemethod" finished-at="2022-10-20T18:09:46 IST" duration-ms="2" status="PASS">
          <reporter-output>
          </reporter-output>
        </test-method> <!-- beforemethod -->
        <test-method signature="Verifyuseronfundpage()[pri:3, instance:TestClass.TestClass1@7188af83]" started-at="2022-10-20T18:09:46 IST" name="Verifyuseronfundpage" finished-at="2022-10-20T18:09:47 IST" duration-ms="212" status="PASS">
          <reporter-output>
          </reporter-output>
        </test-method> <!-- Verifyuseronfundpage -->
        <test-method is-config="true" signature="Aftermethod(org.testng.ITestResult)[pri:0, instance:TestClass.TestClass1@7188af83]" started-at="2022-10-20T18:09:47 IST" name="Aftermethod" finished-at="2022-10-20T18:09:47 IST" duration-ms="2" status="PASS">
          <params>
            <param index="0">
              <value>
                <![CDATA[[TestResult name=Verifyuseronfundpage status=SUCCESS method=TestClass1.Verifyuseronfundpage()[pri:3, instance:TestClass.TestClass1@7188af83] output={null}]]]>
              </value>
            </param>
          </params>
          <reporter-output>
          </reporter-output>
        </test-method> <!-- Aftermethod -->
        <test-method is-config="true" signature="beforemethod()[pri:0, instance:TestClass.TestClass1@7188af83]" started-at="2022-10-20T18:09:47 IST" name="beforemethod" finished-at="2022-10-20T18:09:47 IST" duration-ms="2" status="PASS">
          <reporter-output>
          </reporter-output>
        </test-method> <!-- beforemethod -->
        <test-method signature="Useraddpayment()[pri:4, instance:TestClass.TestClass1@7188af83]" started-at="2022-10-20T18:09:47 IST" name="Useraddpayment" finished-at="2022-10-20T18:09:49 IST" duration-ms="2565" status="PASS">
          <reporter-output>
          </reporter-output>
        </test-method> <!-- Useraddpayment -->
        <test-method is-config="true" signature="Aftermethod(org.testng.ITestResult)[pri:0, instance:TestClass.TestClass1@7188af83]" started-at="2022-10-20T18:09:49 IST" name="Aftermethod" finished-at="2022-10-20T18:09:49 IST" duration-ms="2" status="PASS">
          <params>
            <param index="0">
              <value>
                <![CDATA[[TestResult name=Useraddpayment status=SUCCESS method=TestClass1.Useraddpayment()[pri:4, instance:TestClass.TestClass1@7188af83] output={null}]]]>
              </value>
            </param>
          </params>
          <reporter-output>
          </reporter-output>
        </test-method> <!-- Aftermethod -->
        <test-method is-config="true" signature="Afterclass()[pri:0, instance:TestClass.TestClass1@7188af83]" started-at="2022-10-20T18:09:49 IST" name="Afterclass" finished-at="2022-10-20T18:09:53 IST" duration-ms="3839" status="PASS">
          <reporter-output>
          </reporter-output>
        </test-method> <!-- Afterclass -->
      </class> <!-- TestClass.TestClass1 -->
    </test> <!-- Test -->
  </suite> <!-- Suite -->
</testng-results>
